{
  "stats": {
    "suites": 12,
    "tests": 41,
    "passes": 17,
    "pending": 0,
    "failures": 24,
    "start": "2021-12-10T17:54:05.657Z",
    "end": "2021-12-10T17:55:43.034Z",
    "duration": 97377,
    "testsRegistered": 41,
    "passPercent": 41.46341463414634,
    "pendingPercent": 0,
    "other": 0,
    "hasOther": false,
    "skipped": 0,
    "hasSkipped": false
  },
  "results": [
    {
      "uuid": "6c027667-5473-432e-bae8-5ba6aef6c7e7",
      "title": "",
      "fullFile": "cypress/integration/project.spec.js",
      "file": "cypress/integration/project.spec.js",
      "beforeHooks": [],
      "afterHooks": [],
      "tests": [],
      "suites": [
        {
          "uuid": "283e4907-57ba-415d-a725-324c16e068c1",
          "title": "1 - Adicione à página o título \"Paleta de Cores\".",
          "fullFile": "",
          "file": "",
          "beforeHooks": [],
          "afterHooks": [],
          "tests": [
            {
              "title": "Verifica se contém um elemento `h1` com o id `title` com o título correto",
              "fullTitle": "1 - Adicione à página o título \"Paleta de Cores\". Verifica se contém um elemento `h1` com o id `title` com o título correto",
              "timedOut": null,
              "duration": 105,
              "state": "passed",
              "speed": "slow",
              "pass": true,
              "fail": false,
              "pending": false,
              "context": null,
              "code": "cy.get('h1#title').should('contain.text', 'Paleta de Cores');",
              "err": {},
              "uuid": "a0c8e649-0e49-4f6d-8003-1819a2e4c789",
              "parentUUID": "283e4907-57ba-415d-a725-324c16e068c1",
              "isHook": false,
              "skipped": false
            }
          ],
          "suites": [],
          "passes": [
            "a0c8e649-0e49-4f6d-8003-1819a2e4c789"
          ],
          "failures": [],
          "pending": [],
          "skipped": [],
          "duration": 105,
          "root": false,
          "rootEmpty": false,
          "_timeout": 2000
        },
        {
          "uuid": "a422c527-95d9-4d61-a8ac-fe12dbcd4ce0",
          "title": "2 - Adicione à página uma paleta de quatro cores distintas.",
          "fullFile": "",
          "file": "",
          "beforeHooks": [],
          "afterHooks": [],
          "tests": [
            {
              "title": "A paleta de cores deve ser um elemento com `id` denominado `color-palette`",
              "fullTitle": "2 - Adicione à página uma paleta de quatro cores distintas. A paleta de cores deve ser um elemento com `id` denominado `color-palette`",
              "timedOut": null,
              "duration": 50,
              "state": "passed",
              "speed": "medium",
              "pass": true,
              "fail": false,
              "pending": false,
              "context": null,
              "code": "cy.get('#color-palette').should('be.visible');\ncy.get('#color-palette').children('.color');",
              "err": {},
              "uuid": "019c876f-9d53-4d97-80db-87d64d13cff5",
              "parentUUID": "a422c527-95d9-4d61-a8ac-fe12dbcd4ce0",
              "isHook": false,
              "skipped": false
            },
            {
              "title": "Verifica se cada cor individual da paleta de cores possui a `classe` chamada `color`.",
              "fullTitle": "2 - Adicione à página uma paleta de quatro cores distintas. Verifica se cada cor individual da paleta de cores possui a `classe` chamada `color`.",
              "timedOut": null,
              "duration": 4139,
              "state": "failed",
              "speed": null,
              "pass": false,
              "fail": true,
              "pending": false,
              "context": null,
              "code": "cy.get('.color').should('have.length', 4).then(function (colors) {\n  for (var i = 0; i < colors.length; i++) {\n    cy.wrap(colors[i]).should('be.visible');\n  }\n});",
              "err": {
                "message": "CypressError: Timed out retrying: Not enough elements found. Found '3', expected '4'.",
                "estack": "CypressError: Timed out retrying: Not enough elements found. Found '3', expected '4'.\n    at cypressErr (http://localhost:39359/__cypress/runner/cypress_runner.js:149934:9)\n    at throwErr (http://localhost:39359/__cypress/runner/cypress_runner.js:149867:11)\n    at Object.throwErrByPath (http://localhost:39359/__cypress/runner/cypress_runner.js:149915:3)\n    at retry (http://localhost:39359/__cypress/runner/cypress_runner.js:144197:19)\n    at onFailFn (http://localhost:39359/__cypress/runner/cypress_runner.js:132448:16)\n    at tryCatcher (http://localhost:39359/__cypress/runner/cypress_runner.js:167415:23)\n    at Promise._settlePromiseFromHandler (http://localhost:39359/__cypress/runner/cypress_runner.js:165351:31)\n    at Promise._settlePromise (http://localhost:39359/__cypress/runner/cypress_runner.js:165408:18)\n    at Promise._settlePromise0 (http://localhost:39359/__cypress/runner/cypress_runner.js:165453:10)\n    at Promise._settlePromises (http://localhost:39359/__cypress/runner/cypress_runner.js:165528:18)\n    at Async../node_modules/bluebird/js/release/async.js.Async._drainQueue (http://localhost:39359/__cypress/runner/cypress_runner.js:162140:16)\n    at Async../node_modules/bluebird/js/release/async.js.Async._drainQueues (http://localhost:39359/__cypress/runner/cypress_runner.js:162150:10)\n    at Async.drainQueues (http://localhost:39359/__cypress/runner/cypress_runner.js:162024:14)",
                "diff": null
              },
              "uuid": "59023fe6-058b-45ce-8d43-f9fb809867e4",
              "parentUUID": "a422c527-95d9-4d61-a8ac-fe12dbcd4ce0",
              "isHook": false,
              "skipped": false
            },
            {
              "title": "Verifica se a cor de fundo de cada elemento da paleta é a cor que o elemento representa. **A única cor não permitida na paleta é a cor branca.**",
              "fullTitle": "2 - Adicione à página uma paleta de quatro cores distintas. Verifica se a cor de fundo de cada elemento da paleta é a cor que o elemento representa. **A única cor não permitida na paleta é a cor branca.**",
              "timedOut": null,
              "duration": 91,
              "state": "passed",
              "speed": "slow",
              "pass": true,
              "fail": false,
              "pending": false,
              "context": null,
              "code": "cy.get('.color').each(function (color) {\n  cy.wrap(color).should('have.class', 'color').and('not.have.css', 'background-color', WHITE);\n  cy.wrap(color).should('have.css', 'background-color');\n});",
              "err": {},
              "uuid": "7490013f-0cdb-4fd2-9e5a-df2ac99e9ebb",
              "parentUUID": "a422c527-95d9-4d61-a8ac-fe12dbcd4ce0",
              "isHook": false,
              "skipped": false
            },
            {
              "title": "Verifica se cada elemento da paleta de cores tem uma borda preta, sólida e com 1 pixel de largura;",
              "fullTitle": "2 - Adicione à página uma paleta de quatro cores distintas. Verifica se cada elemento da paleta de cores tem uma borda preta, sólida e com 1 pixel de largura;",
              "timedOut": null,
              "duration": 57,
              "state": "passed",
              "speed": "medium",
              "pass": true,
              "fail": false,
              "pending": false,
              "context": null,
              "code": "cy.get('.color').each(function (color) {\n  cy.wrap(color).and('have.css', 'border', \"1px solid \".concat(BLACK)).and('have.class', 'color');\n});",
              "err": {},
              "uuid": "c19e31bf-00d6-47cf-81b6-7cc9ef472ef5",
              "parentUUID": "a422c527-95d9-4d61-a8ac-fe12dbcd4ce0",
              "isHook": false,
              "skipped": false
            },
            {
              "title": "Verifica se a paleta lista todas as cores disponíveis para utilização, lado a lado.",
              "fullTitle": "2 - Adicione à página uma paleta de quatro cores distintas. Verifica se a paleta lista todas as cores disponíveis para utilização, lado a lado.",
              "timedOut": null,
              "duration": 47,
              "state": "passed",
              "speed": "medium",
              "pass": true,
              "fail": false,
              "pending": false,
              "context": null,
              "code": "cy.get('.color').then(function (colors) {\n  for (var index = 1; index < colors.length; index += 1) {\n    var currentColor = colors[index];\n    var previousColor = colors[index - 1];\n    cy.wrap(currentColor).should('be.onTheRightOf', previousColor).and('be.horizontallyAlignedWith', previousColor);\n  }\n});",
              "err": {},
              "uuid": "fb3ea258-4d65-42cc-bdcf-8fdbcdb3e4a3",
              "parentUUID": "a422c527-95d9-4d61-a8ac-fe12dbcd4ce0",
              "isHook": false,
              "skipped": false
            },
            {
              "title": "Verifica se a paleta de cores está posicionada abaixo do título 'Paleta de Cores'",
              "fullTitle": "2 - Adicione à página uma paleta de quatro cores distintas. Verifica se a paleta de cores está posicionada abaixo do título 'Paleta de Cores'",
              "timedOut": null,
              "duration": 53,
              "state": "passed",
              "speed": "medium",
              "pass": true,
              "fail": false,
              "pending": false,
              "context": null,
              "code": "cy.get('h1#title').then(function (title) {\n  cy.get('#color-palette').should('be.belowOf', title);\n});",
              "err": {},
              "uuid": "1b914630-7034-4ec2-9878-cf35fa2402a1",
              "parentUUID": "a422c527-95d9-4d61-a8ac-fe12dbcd4ce0",
              "isHook": false,
              "skipped": false
            },
            {
              "title": "Verifica se a paleta de cores não contém cores repetidas.",
              "fullTitle": "2 - Adicione à página uma paleta de quatro cores distintas. Verifica se a paleta de cores não contém cores repetidas.",
              "timedOut": null,
              "duration": 44,
              "state": "passed",
              "speed": "medium",
              "pass": true,
              "fail": false,
              "pending": false,
              "context": null,
              "code": "cy.get('.color').then(function (colors) {\n  var allColors = Array.from(colors).map(function (color) {\n    return Cypress.$(color).css('background-color');\n  });\n  cy.log(allColors);\n  var uniqColors = (0, _toConsumableArray2[\"default\"])(new Set(allColors));\n  cy.log(uniqColors);\n  expect(allColors.length).to.eq(uniqColors.length);\n});",
              "err": {},
              "uuid": "caea37b6-d3fc-4dea-baf6-9ba881f15186",
              "parentUUID": "a422c527-95d9-4d61-a8ac-fe12dbcd4ce0",
              "isHook": false,
              "skipped": false
            }
          ],
          "suites": [],
          "passes": [
            "019c876f-9d53-4d97-80db-87d64d13cff5",
            "7490013f-0cdb-4fd2-9e5a-df2ac99e9ebb",
            "c19e31bf-00d6-47cf-81b6-7cc9ef472ef5",
            "fb3ea258-4d65-42cc-bdcf-8fdbcdb3e4a3",
            "1b914630-7034-4ec2-9878-cf35fa2402a1",
            "caea37b6-d3fc-4dea-baf6-9ba881f15186"
          ],
          "failures": [
            "59023fe6-058b-45ce-8d43-f9fb809867e4"
          ],
          "pending": [],
          "skipped": [],
          "duration": 4481,
          "root": false,
          "rootEmpty": false,
          "_timeout": 2000
        },
        {
          "uuid": "0534ed50-e433-4ced-b83f-bc88b8798dba",
          "title": "3 - Adicione a cor **preta** como a primeira cor da paleta de cores.",
          "fullFile": "",
          "file": "",
          "beforeHooks": [],
          "afterHooks": [],
          "tests": [
            {
              "title": "Verifica se a primeira cor da paleta é preta",
              "fullTitle": "3 - Adicione a cor **preta** como a primeira cor da paleta de cores. Verifica se a primeira cor da paleta é preta",
              "timedOut": null,
              "duration": 4139,
              "state": "failed",
              "speed": null,
              "pass": false,
              "fail": true,
              "pending": false,
              "context": null,
              "code": "cy.get('.color').first().should('have.css', 'background-color', BLACK);",
              "err": {
                "message": "CypressError: Timed out retrying: expected '<div#vermelho.color>' to have CSS property 'background-color' with the value 'rgb(0, 0, 0)', but the value was 'rgb(255, 0, 0)'",
                "estack": "CypressError: Timed out retrying: expected '<div#vermelho.color>' to have CSS property 'background-color' with the value 'rgb(0, 0, 0)', but the value was 'rgb(255, 0, 0)'\n    at cypressErr (http://localhost:39359/__cypress/runner/cypress_runner.js:149934:9)\n    at throwErr (http://localhost:39359/__cypress/runner/cypress_runner.js:149867:11)\n    at Object.throwErrByPath (http://localhost:39359/__cypress/runner/cypress_runner.js:149915:3)\n    at retry (http://localhost:39359/__cypress/runner/cypress_runner.js:144197:19)\n    at onFailFn (http://localhost:39359/__cypress/runner/cypress_runner.js:132448:16)\n    at tryCatcher (http://localhost:39359/__cypress/runner/cypress_runner.js:167415:23)\n    at Promise._settlePromiseFromHandler (http://localhost:39359/__cypress/runner/cypress_runner.js:165351:31)\n    at Promise._settlePromise (http://localhost:39359/__cypress/runner/cypress_runner.js:165408:18)\n    at Promise._settlePromise0 (http://localhost:39359/__cypress/runner/cypress_runner.js:165453:10)\n    at Promise._settlePromises (http://localhost:39359/__cypress/runner/cypress_runner.js:165528:18)\n    at Async../node_modules/bluebird/js/release/async.js.Async._drainQueue (http://localhost:39359/__cypress/runner/cypress_runner.js:162140:16)\n    at Async../node_modules/bluebird/js/release/async.js.Async._drainQueues (http://localhost:39359/__cypress/runner/cypress_runner.js:162150:10)\n    at Async.drainQueues (http://localhost:39359/__cypress/runner/cypress_runner.js:162024:14)",
                "diff": null
              },
              "uuid": "688fee31-586e-48ce-92ae-0b51a0770aeb",
              "parentUUID": "0534ed50-e433-4ced-b83f-bc88b8798dba",
              "isHook": false,
              "skipped": false
            },
            {
              "title": "Verifica se as demais cores podem ser escolhidas livremente.",
              "fullTitle": "3 - Adicione a cor **preta** como a primeira cor da paleta de cores. Verifica se as demais cores podem ser escolhidas livremente.",
              "timedOut": null,
              "duration": 4256,
              "state": "failed",
              "speed": null,
              "pass": false,
              "fail": true,
              "pending": false,
              "context": null,
              "code": "cy.get('.color').eq(1).should('not.have.css', 'background-color', BLACK);\ncy.get('.color').eq(1).should('not.have.css', 'background-color', WHITE);\ncy.get('.color').eq(1).should('not.have.css', 'background-color', 'rgba(0, 0, 0, 0)');\ncy.get('.color').eq(1).should('have.css', 'background-color');\ncy.get('.color').eq(2).should('not.have.css', 'background-color', BLACK);\ncy.get('.color').eq(2).should('not.have.css', 'background-color', WHITE);\ncy.get('.color').eq(2).should('not.have.css', 'background-color', 'rgba(0, 0, 0, 0)');\ncy.get('.color').eq(2).should('have.css', 'background-color');\ncy.get('.color').eq(3).should('not.have.css', 'background-color', BLACK);\ncy.get('.color').eq(3).should('not.have.css', 'background-color', WHITE);\ncy.get('.color').eq(3).should('not.have.css', 'background-color', 'rgba(0, 0, 0, 0)');\ncy.get('.color').eq(3).should('have.css', 'background-color');",
              "err": {
                "message": "CypressError: Timed out retrying: Expected to find element: '3', but never found it. Queried from element: [ <div#vermelho.color>, 2 more... ]",
                "estack": "CypressError: Timed out retrying: Expected to find element: '3', but never found it. Queried from element: [ <div#vermelho.color>, 2 more... ]\n    at cypressErr (http://localhost:39359/__cypress/runner/cypress_runner.js:149934:9)\n    at throwErr (http://localhost:39359/__cypress/runner/cypress_runner.js:149867:11)\n    at Object.throwErrByPath (http://localhost:39359/__cypress/runner/cypress_runner.js:149915:3)\n    at retry (http://localhost:39359/__cypress/runner/cypress_runner.js:144197:19)\n    at onFailFn (http://localhost:39359/__cypress/runner/cypress_runner.js:132448:16)\n    at tryCatcher (http://localhost:39359/__cypress/runner/cypress_runner.js:167415:23)\n    at Promise._settlePromiseFromHandler (http://localhost:39359/__cypress/runner/cypress_runner.js:165351:31)\n    at Promise._settlePromise (http://localhost:39359/__cypress/runner/cypress_runner.js:165408:18)\n    at Promise._settlePromise0 (http://localhost:39359/__cypress/runner/cypress_runner.js:165453:10)\n    at Promise._settlePromises (http://localhost:39359/__cypress/runner/cypress_runner.js:165528:18)\n    at Async../node_modules/bluebird/js/release/async.js.Async._drainQueue (http://localhost:39359/__cypress/runner/cypress_runner.js:162140:16)\n    at Async../node_modules/bluebird/js/release/async.js.Async._drainQueues (http://localhost:39359/__cypress/runner/cypress_runner.js:162150:10)\n    at Async.drainQueues (http://localhost:39359/__cypress/runner/cypress_runner.js:162024:14)",
                "diff": null
              },
              "uuid": "35a9439e-6671-47f1-b168-dde1b26f50ca",
              "parentUUID": "0534ed50-e433-4ced-b83f-bc88b8798dba",
              "isHook": false,
              "skipped": false
            }
          ],
          "suites": [],
          "passes": [],
          "failures": [
            "688fee31-586e-48ce-92ae-0b51a0770aeb",
            "35a9439e-6671-47f1-b168-dde1b26f50ca"
          ],
          "pending": [],
          "skipped": [],
          "duration": 8395,
          "root": false,
          "rootEmpty": false,
          "_timeout": 2000
        },
        {
          "uuid": "1358a64a-6081-42bb-97d0-48ecfa5687da",
          "title": "4 - Adicione à página um quadro de pixels, com 25 pixels.",
          "fullFile": "",
          "file": "",
          "beforeHooks": [],
          "afterHooks": [],
          "tests": [
            {
              "title": "Verifica se o quadro de pixels possui o `id` denominado `pixel-board`",
              "fullTitle": "4 - Adicione à página um quadro de pixels, com 25 pixels. Verifica se o quadro de pixels possui o `id` denominado `pixel-board`",
              "timedOut": null,
              "duration": 81,
              "state": "passed",
              "speed": "slow",
              "pass": true,
              "fail": false,
              "pending": false,
              "context": null,
              "code": "cy.get('#pixel-board').should('be.visible');",
              "err": {},
              "uuid": "b9115dac-68a1-4b5b-a3d9-5614e0e60fae",
              "parentUUID": "1358a64a-6081-42bb-97d0-48ecfa5687da",
              "isHook": false,
              "skipped": false
            },
            {
              "title": "Verifica se cada pixel individual dentro do quadro possui a `classe` denominada `pixel`.",
              "fullTitle": "4 - Adicione à página um quadro de pixels, com 25 pixels. Verifica se cada pixel individual dentro do quadro possui a `classe` denominada `pixel`.",
              "timedOut": null,
              "duration": 70,
              "state": "passed",
              "speed": "medium",
              "pass": true,
              "fail": false,
              "pending": false,
              "context": null,
              "code": "cy.get('.pixel').should('have.length', 25);",
              "err": {},
              "uuid": "792f7505-381d-4ad1-9e0e-6dca14a7e669",
              "parentUUID": "1358a64a-6081-42bb-97d0-48ecfa5687da",
              "isHook": false,
              "skipped": false
            },
            {
              "title": "Verifica se a cor inicial dos pixels dentro do quadro, ao abrir a página, é branca.",
              "fullTitle": "4 - Adicione à página um quadro de pixels, com 25 pixels. Verifica se a cor inicial dos pixels dentro do quadro, ao abrir a página, é branca.",
              "timedOut": null,
              "duration": 89,
              "state": "passed",
              "speed": "slow",
              "pass": true,
              "fail": false,
              "pending": false,
              "context": null,
              "code": "cy.get('.pixel').should('have.length', 25).each(function (pixel) {\n  expect(pixel).to.have.css('background-color', WHITE);\n});",
              "err": {},
              "uuid": "290f5ed6-f180-423c-a9eb-665957520f85",
              "parentUUID": "1358a64a-6081-42bb-97d0-48ecfa5687da",
              "isHook": false,
              "skipped": false
            },
            {
              "title": "Verifica se o quadro de pixels aparece abaixo da paleta de cores",
              "fullTitle": "4 - Adicione à página um quadro de pixels, com 25 pixels. Verifica se o quadro de pixels aparece abaixo da paleta de cores",
              "timedOut": null,
              "duration": 52,
              "state": "passed",
              "speed": "medium",
              "pass": true,
              "fail": false,
              "pending": false,
              "context": null,
              "code": "cy.get('#color-palette').then(function (palette) {\n  cy.get('#pixel-board').should('be.belowOf', palette);\n});",
              "err": {},
              "uuid": "0022a2cd-d5c2-42c9-ad5c-4a06e7f0d7fd",
              "parentUUID": "1358a64a-6081-42bb-97d0-48ecfa5687da",
              "isHook": false,
              "skipped": false
            }
          ],
          "suites": [],
          "passes": [
            "b9115dac-68a1-4b5b-a3d9-5614e0e60fae",
            "792f7505-381d-4ad1-9e0e-6dca14a7e669",
            "290f5ed6-f180-423c-a9eb-665957520f85",
            "0022a2cd-d5c2-42c9-ad5c-4a06e7f0d7fd"
          ],
          "failures": [],
          "pending": [],
          "skipped": [],
          "duration": 292,
          "root": false,
          "rootEmpty": false,
          "_timeout": 2000
        },
        {
          "uuid": "f539d1de-52cb-44e1-943d-9f20f30d7954",
          "title": "5 - Faça com que cada elemento do quadro de pixels possua 40 pixels de largura, 40 pixels de altura e seja delimitado por uma borda preta de 1 pixel.",
          "fullFile": "",
          "file": "",
          "beforeHooks": [],
          "afterHooks": [],
          "tests": [
            {
              "title": "Verifica se o quadro de pixels tem altura e comprimento de 5 elementos",
              "fullTitle": "5 - Faça com que cada elemento do quadro de pixels possua 40 pixels de largura, 40 pixels de altura e seja delimitado por uma borda preta de 1 pixel. Verifica se o quadro de pixels tem altura e comprimento de 5 elementos",
              "timedOut": null,
              "duration": 162,
              "state": "passed",
              "speed": "slow",
              "pass": true,
              "fail": false,
              "pending": false,
              "context": null,
              "code": "cy.get('.pixel').should('have.length', 25).each(function (pixel) {\n  expect(pixel).to.have.css('background-color', WHITE);\n}).and(function (pixels) {\n  var rows = chunk(pixels, 5);\n  rows.forEach(function (row) {\n    for (var index = 1; index < row.length; index += 1) {\n      var current = pixels[index];\n      var previous = pixels[index - 1];\n      cy.wrap(current).should('be.onTheRightOf', previous).and('be.horizontallyAlignedWith', previous);\n    }\n  });\n  for (var index = 1; index < 5; index += 1) {\n    expect(pixels[index * 5]).to.be.belowOf(pixels[(index - 1) * 5]);\n  }\n});",
              "err": {},
              "uuid": "02bd5204-a8d6-4427-bc63-00c8fa52176f",
              "parentUUID": "f539d1de-52cb-44e1-943d-9f20f30d7954",
              "isHook": false,
              "skipped": false
            },
            {
              "title": "Verifica se 40 pixels é o tamanho total do elemento, incluindo seu conteúdo e excluindo a borda preta, que deve ser criada à parte.",
              "fullTitle": "5 - Faça com que cada elemento do quadro de pixels possua 40 pixels de largura, 40 pixels de altura e seja delimitado por uma borda preta de 1 pixel. Verifica se 40 pixels é o tamanho total do elemento, incluindo seu conteúdo e excluindo a borda preta, que deve ser criada à parte.",
              "timedOut": null,
              "duration": 166,
              "state": "passed",
              "speed": "slow",
              "pass": true,
              "fail": false,
              "pending": false,
              "context": null,
              "code": "cy.get('.pixel').each(function (pixel) {\n  cy.wrap(pixel).should('have.css', 'height', '40px').and('have.css', 'width', '40px').and('have.css', 'border', \"1px solid \".concat(BLACK));\n});",
              "err": {},
              "uuid": "c7eca6ab-e842-4ee5-a358-e5d4284b8853",
              "parentUUID": "f539d1de-52cb-44e1-943d-9f20f30d7954",
              "isHook": false,
              "skipped": false
            }
          ],
          "suites": [],
          "passes": [
            "02bd5204-a8d6-4427-bc63-00c8fa52176f",
            "c7eca6ab-e842-4ee5-a358-e5d4284b8853"
          ],
          "failures": [],
          "pending": [],
          "skipped": [],
          "duration": 328,
          "root": false,
          "rootEmpty": false,
          "_timeout": 2000
        },
        {
          "uuid": "4c69f913-6fc9-4743-9ad5-009d0626e4ca",
          "title": "6 - Defina a cor preta como cor inicial. Ao carregar a página a cor preta já deve estar selecionada para pintar os pixels",
          "fullFile": "",
          "file": "",
          "beforeHooks": [],
          "afterHooks": [],
          "tests": [
            {
              "title": "Verifica se o elemento da cor preta possui, inicialmente, a `classe` `selected`",
              "fullTitle": "6 - Defina a cor preta como cor inicial. Ao carregar a página a cor preta já deve estar selecionada para pintar os pixels Verifica se o elemento da cor preta possui, inicialmente, a `classe` `selected`",
              "timedOut": null,
              "duration": 58,
              "state": "passed",
              "speed": "medium",
              "pass": true,
              "fail": false,
              "pending": false,
              "context": null,
              "code": "cy.get('.selected').first().should('have.css', 'background-color', BLACK);",
              "err": {},
              "uuid": "b372d0e5-99c0-47d6-9a60-bd3e91ed21da",
              "parentUUID": "4c69f913-6fc9-4743-9ad5-009d0626e4ca",
              "isHook": false,
              "skipped": false
            },
            {
              "title": "Verifica se nenhuma outra cor da paleta tem a `classe` `selected`",
              "fullTitle": "6 - Defina a cor preta como cor inicial. Ao carregar a página a cor preta já deve estar selecionada para pintar os pixels Verifica se nenhuma outra cor da paleta tem a `classe` `selected`",
              "timedOut": null,
              "duration": 62,
              "state": "passed",
              "speed": "medium",
              "pass": true,
              "fail": false,
              "pending": false,
              "context": null,
              "code": "cy.get('.color:not(:first-child)').each(function (color) {\n  cy.wrap(color).should('not.have.class', 'selected');\n});",
              "err": {},
              "uuid": "f6930950-4f68-47f6-9ce4-af97680ce3ff",
              "parentUUID": "4c69f913-6fc9-4743-9ad5-009d0626e4ca",
              "isHook": false,
              "skipped": false
            }
          ],
          "suites": [],
          "passes": [
            "b372d0e5-99c0-47d6-9a60-bd3e91ed21da",
            "f6930950-4f68-47f6-9ce4-af97680ce3ff"
          ],
          "failures": [],
          "pending": [],
          "skipped": [],
          "duration": 120,
          "root": false,
          "rootEmpty": false,
          "_timeout": 2000
        },
        {
          "uuid": "8e335965-04f1-4b7e-99d0-cc28ac597b77",
          "title": "7 - Clicar em uma das cores da paleta, faz com que ela seja selecionada e utilizada para preencher os pixels no quadro.",
          "fullFile": "",
          "file": "",
          "beforeHooks": [],
          "afterHooks": [],
          "tests": [
            {
              "title": "Verifica se somente uma cor da paleta de cores tem a classe `selected` de cada vez",
              "fullTitle": "7 - Clicar em uma das cores da paleta, faz com que ela seja selecionada e utilizada para preencher os pixels no quadro. Verifica se somente uma cor da paleta de cores tem a classe `selected` de cada vez",
              "timedOut": null,
              "duration": 267,
              "state": "failed",
              "speed": null,
              "pass": false,
              "fail": true,
              "pending": false,
              "context": null,
              "code": "cy.get('.color').each(function (selectedColor, selectedColorIndex) {\n  cy.wrap(selectedColor).click();\n  cy.get('.color').each(function (color, colorIndex) {\n    if (colorIndex === selectedColorIndex) {\n      expect(color).to.have[\"class\"]('selected');\n    } else {\n      expect(color).not.to.have[\"class\"]('selected');\n    }\n  });\n});",
              "err": {
                "message": "AssertionError: expected '<div#vermelho.color>' to have class 'selected'",
                "estack": "AssertionError: expected '<div#vermelho.color>' to have class 'selected'\n    at callback (http://localhost:39359/__cypress/runner/cypress_runner.js:136947:20)\n    at getRet (http://localhost:39359/__cypress/runner/cypress_runner.js:136585:16)\n    at tryCatcher (http://localhost:39359/__cypress/runner/cypress_runner.js:167415:23)\n    at Function.Promise.attempt.Promise.try (http://localhost:39359/__cypress/runner/cypress_runner.js:164690:29)\n    at thenFn (http://localhost:39359/__cypress/runner/cypress_runner.js:136599:23)\n    at yieldItem (http://localhost:39359/__cypress/runner/cypress_runner.js:136954:16)\n    at tryCatcher (http://localhost:39359/__cypress/runner/cypress_runner.js:167415:23)\n    at Object.gotValue (http://localhost:39359/__cypress/runner/cypress_runner.js:166557:18)\n    at Object.gotAccum (http://localhost:39359/__cypress/runner/cypress_runner.js:166546:25)\n    at Object.tryCatcher (http://localhost:39359/__cypress/runner/cypress_runner.js:167415:23)\n    at Promise._settlePromiseFromHandler (http://localhost:39359/__cypress/runner/cypress_runner.js:165351:31)\n    at Promise._settlePromise (http://localhost:39359/__cypress/runner/cypress_runner.js:165408:18)\n    at Promise._settlePromiseCtx (http://localhost:39359/__cypress/runner/cypress_runner.js:165445:10)\n    at Async../node_modules/bluebird/js/release/async.js.Async._drainQueue (http://localhost:39359/__cypress/runner/cypress_runner.js:162145:12)\n    at Async../node_modules/bluebird/js/release/async.js.Async._drainQueues (http://localhost:39359/__cypress/runner/cypress_runner.js:162150:10)\n    at Async.drainQueues (http://localhost:39359/__cypress/runner/cypress_runner.js:162024:14)",
                "diff": "- { '0': \n-    <div class=\"color\" id=\"vermelho\">\n-    \n-            </div>,\n-   length: 1,\n-   jquery: '3.1.1',\n-   constructor: \n-    { [Function: jQuery]\n-      fn: \n-       { jquery: '3.1.1',\n-         constructor: [Circular],\n-         length: 0,\n-         toArray: [Function: toArray],\n-         get: [Function: get],\n-         pushStack: [Function: pushStack],\n-         each: [Function: each],\n-         map: [Function: map],\n-         slice: [Function: slice],\n-         first: [Function: first],\n-         last: [Function: last],\n-         eq: [Function: eq],\n-         end: [Function: end],\n-         push: [Function: push],\n-         sort: [Function: sort],\n-         splice: [Function: splice],\n-         extend: [Function],\n-         find: [Function: find],\n-         filter: [Function: filter],\n-         not: [Function: not],\n-         is: [Function: is],\n-         init: [Function],\n-         has: [Function: has],\n-         closest: [Function: closest],\n-         index: [Function: index],\n-         add: [Function: add],\n-         addBack: [Function: addBack],\n-         parent: [Function],\n-         parents: [Function],\n-         parentsUntil: [Function],\n-         next: [Function],\n-         prev: [Function],\n-         nextAll: [Function],\n-         prevAll: [Function],\n-         nextUntil: [Function],\n-         prevUntil: [Function],\n-         siblings: [Function],\n-         children: [Function],\n-         contents: [Function],\n-         ready: [Function],\n-         data: [Function: data],\n-         removeData: [Function: removeData],\n-         queue: [Function: queue],\n-         dequeue: [Function: dequeue],\n-         clearQueue: [Function: clearQueue],\n-         promise: [Function: promise],\n-         show: [Function],\n-         hide: [Function],\n-         toggle: [Function],\n-         on: [Function: on],\n-         one: [Function: one],\n-         off: [Function: off],\n-         detach: [Function: detach],\n-         remove: [Function: remove],\n-         text: [Function: text],\n-         append: [Function: append],\n-         prepend: [Function: prepend],\n-         before: [Function: before],\n-         after: [Function: after],\n-         empty: [Function: empty],\n-         clone: [Function: clone],\n-         html: [Function: html],\n-         replaceWith: [Function: replaceWith],\n-         appendTo: [Function],\n-         prependTo: [Function],\n-         insertBefore: [Function],\n-         insertAfter: [Function],\n-         replaceAll: [Function],\n-         css: [Function: css],\n-         fadeTo: [Function: fadeTo],\n-         animate: [Function: animate],\n-         stop: [Function: stop],\n-         finish: [Function: finish],\n-         slideDown: [Function],\n-         slideUp: [Function],\n-         slideToggle: [Function],\n-         fadeIn: [Function],\n-         fadeOut: [Function],\n-         fadeToggle: [Function],\n-         delay: [Function],\n-         attr: [Function: attr],\n-         removeAttr: [Function: removeAttr],\n-         prop: [Function: prop],\n-         removeProp: [Function: removeProp],\n-         addClass: [Function: addClass],\n-         removeClass: [Function: removeClass],\n-         toggleClass: [Function: toggleClass],\n-         hasClass: [Function: hasClass],\n-         val: [Function: val],\n-         trigger: [Function: trigger],\n-         triggerHandler: [Function: triggerHandler],\n-         blur: [Function],\n-         focus: [Function],\n-         focusin: [Function],\n-         focusout: [Function],\n-         resize: [Function],\n-         scroll: [Function],\n-         click: [Function],\n-         dblclick: [Function],\n-         mousedown: [Function],\n-         mouseup: [Function],\n-         mousemove: [Function],\n-         mouseover: [Function],\n-         mouseout: [Function],\n-         mouseenter: [Function],\n-         mouseleave: [Function],\n-         change: [Function],\n-         select: [Function],\n-         submit: [Function],\n-         keydown: [Function],\n-         keypress: [Function],\n-         keyup: [Function],\n-         contextmenu: [Function],\n-         hover: [Function: hover],\n-         serialize: [Function: serialize],\n-         serializeArray: [Function: serializeArray],\n-         wrapAll: [Function: wrapAll],\n-         wrapInner: [Function: wrapInner],\n-         wrap: [Function: wrap],\n-         unwrap: [Function: unwrap],\n-         load: [Function],\n-         ajaxStart: [Function],\n-         ajaxStop: [Function],\n-         ajaxComplete: [Function],\n-         ajaxError: [Function],\n-         ajaxSuccess: [Function],\n-         ajaxSend: [Function],\n-         offset: [Function: offset],\n-         position: [Function: position],\n-         offsetParent: [Function: offsetParent],\n-         scrollLeft: [Function],\n-         scrollTop: [Function],\n-         innerHeight: [Function],\n-         height: [Function],\n-         outerHeight: [Function],\n-         innerWidth: [Function],\n-         width: [Function],\n-         outerWidth: [Function],\n-         bind: [Function: bind],\n-         unbind: [Function: unbind],\n-         delegate: [Function: delegate],\n-         undelegate: [Function: undelegate],\n-         scrollTo: [Function] },\n-      extend: [Function],\n-      expando: 'jQuery311041771655782597894',\n-      isReady: true,\n-      error: [Function: error],\n-      noop: [Function: noop],\n-      isFunction: [Function: isFunction],\n-      isArray: [Function: isArray],\n-      isWindow: [Function: isWindow],\n-      isNumeric: [Function: isNumeric],\n-      isPlainObject: [Function: isPlainObject],\n-      isEmptyObject: [Function: isEmptyObject],\n-      type: [Function: type],\n-      globalEval: [Function: globalEval],\n-      camelCase: [Function: camelCase],\n-      nodeName: [Function: nodeName],\n-      each: [Function: each],\n-      trim: [Function: trim],\n-      makeArray: [Function: makeArray],\n-      inArray: [Function: inArray],\n-      merge: [Function: merge],\n-      grep: [Function: grep],\n-      map: [Function: map],\n-      guid: 7,\n-      proxy: [Function: proxy],\n-      now: [Function: now],\n-      support: \n-       { checkClone: true,\n-         noCloneChecked: true,\n-         clearCloneStyle: true,\n-         pixelPosition: [Function: pixelPosition],\n-         boxSizingReliable: [Function: boxSizingReliable],\n-         pixelMarginRight: [Function: pixelMarginRight],\n-         reliableMarginLeft: [Function: reliableMarginLeft],\n-         checkOn: true,\n-         optSelected: true,\n-         radioValue: true,\n-         focusin: false,\n-         cors: true,\n-         ajax: true,\n-         createHTMLDocument: true },\n-      find: \n-       { [Function: Sizzle]\n-         support: [Object],\n-         isXML: [Function],\n-         setDocument: [Function],\n-         matches: [Function],\n-         matchesSelector: [Function],\n-         contains: [Function],\n-         attr: [Function],\n-         escape: [Function],\n-         error: [Function],\n-         uniqueSort: [Function],\n-         getText: [Function],\n-         selectors: [Object],\n-         tokenize: [Function],\n-         compile: [Function],\n-         select: [Function] },\n-      expr: \n-       { cacheLength: 1,\n-         createPseudo: [Function: markFunction],\n-         match: [Object],\n-         attrHandle: [Object],\n-         find: [Object],\n-         relative: [Object],\n-         preFilter: [Object],\n-         filter: [Object],\n-         pseudos: [Object],\n-         filters: [Object],\n-         setFilters: [Object],\n-         ':': [Object] },\n-      unique: [Function],\n-      uniqueSort: [Function],\n-      text: [Function],\n-      isXMLDoc: [Function],\n-      contains: [Function],\n-      escapeSelector: [Function],\n-      filter: [Function],\n-      Callbacks: [Function],\n-      Deferred: { [Function: Deferred] exceptionHook: [Function] },\n-      when: [Function: when],\n-      readyException: [Function],\n-      readyWait: 0,\n-      holdReady: [Function: holdReady],\n-      ready: { [Function: ready] then: [Function: then] },\n-      hasData: [Function: hasData],\n-      data: [Function: data],\n-      removeData: [Function: removeData],\n-      _data: [Function: _data],\n-      _removeData: [Function: _removeData],\n-      queue: [Function: queue],\n-      dequeue: [Function: dequeue],\n-      _queueHooks: [Function: _queueHooks],\n-      event: \n-       { global: [Object],\n-         add: [Function: add],\n-         remove: [Function: remove],\n-         dispatch: [Function: dispatch],\n-         handlers: [Function: handlers],\n-         addProp: [Function: addProp],\n-         fix: [Function: fix],\n-         special: [Object],\n-         trigger: [Function: trigger],\n-         simulate: [Function: simulate] },\n-      removeEvent: [Function],\n-      Event: [Function],\n-      htmlPrefilter: [Function: htmlPrefilter],\n-      clone: [Function: clone],\n-      cleanData: [Function: cleanData],\n-      cssHooks: \n-       { opacity: [Object],\n-         height: [Object],\n-         width: [Object],\n-         marginLeft: [Object],\n-         margin: [Object],\n-         padding: [Object],\n-         borderWidth: [Object],\n-         top: [Object],\n-         left: [Object] },\n-      cssNumber: \n-       { animationIterationCount: true,\n-         columnCount: true,\n-         fillOpacity: true,\n-         flexGrow: true,\n-         flexShrink: true,\n-         fontWeight: true,\n-         lineHeight: true,\n-         opacity: true,\n-         order: true,\n-         orphans: true,\n-         widows: true,\n-         zIndex: true,\n-         zoom: true },\n-      cssProps: \n-       { float: 'cssFloat',\n-         width: 'width',\n-         display: 'display',\n-         boxSizing: 'boxSizing',\n-         height: 'height',\n-         overflow: 'overflow',\n-         overflowY: 'overflowY',\n-         overflowX: 'overflowX',\n-         visibility: 'visibility',\n-         position: 'position',\n-         backgroundColor: 'backgroundColor',\n-         border: 'border',\n-         paddingRight: 'paddingRight',\n-         borderRightWidth: 'borderRightWidth',\n-         paddingLeft: 'paddingLeft',\n-         borderLeftWidth: 'borderLeftWidth',\n-         paddingTop: 'paddingTop',\n-         borderTopWidth: 'borderTopWidth',\n-         paddingBottom: 'paddingBottom',\n-         borderBottomWidth: 'borderBottomWidth' },\n-      style: [Function: style],\n-      css: [Function: css],\n-      Tween: { [Function: Tween] propHooks: [Object] },\n-      easing: \n-       { linear: [Function: linear],\n-         swing: [Function: swing],\n-         _default: 'swing' },\n-      fx: \n-       { [Function: init]\n-         step: {},\n-         tick: [Function],\n-         timer: [Function],\n-         interval: 13,\n-         start: [Function],\n-         stop: [Function],\n-         speeds: [Object] },\n-      Animation: \n-       { [Function: Animation]\n-         tweeners: [Object],\n-         tweener: [Function: tweener],\n-         prefilters: [Object],\n-         prefilter: [Function: prefilter] },\n-      speed: [Function],\n-      timers: [],\n-      attr: [Function: attr],\n-      attrHooks: { type: [Object] },\n-      removeAttr: [Function: removeAttr],\n-      prop: [Function: prop],\n-      propHooks: { tabIndex: [Object] },\n-      propFix: \n-       { for: 'htmlFor',\n-         class: 'className',\n-         tabindex: 'tabIndex',\n-         readonly: 'readOnly',\n-         maxlength: 'maxLength',\n-         cellspacing: 'cellSpacing',\n-         cellpadding: 'cellPadding',\n-         rowspan: 'rowSpan',\n-         colspan: 'colSpan',\n-         usemap: 'useMap',\n-         frameborder: 'frameBorder',\n-         contenteditable: 'contentEditable' },\n-      valHooks: \n-       { option: [Object],\n-         select: [Object],\n-         radio: [Object],\n-         checkbox: [Object] },\n-      parseXML: [Function],\n-      param: [Function],\n-      active: 0,\n-      lastModified: {},\n-      etag: {},\n-      ajaxSettings: \n-       { url: 'http://localhost:39359/__/#/tests/integration/project.spec.js',\n-         type: 'GET',\n-         isLocal: false,\n-         global: true,\n-         processData: true,\n-         async: true,\n-         contentType: 'application/x-www-form-urlencoded; charset=UTF-8',\n-         accepts: [Object],\n-         contents: [Object],\n-         responseFields: [Object],\n-         converters: [Object],\n-         flatOptions: [Object],\n-         xhr: [Function],\n-         jsonp: 'callback',\n-         jsonpCallback: [Function: jsonpCallback],\n-         cache: false },\n-      ajaxSetup: [Function: ajaxSetup],\n-      ajaxPrefilter: [Function],\n-      ajaxTransport: [Function],\n-      ajax: [Function: ajax],\n-      getJSON: [Function: getJSON],\n-      getScript: [Function: getScript],\n-      get: [Function],\n-      post: [Function],\n-      _evalUrl: [Function],\n-      parseHTML: [Function],\n-      offset: { setOffset: [Function: setOffset] },\n-      parseJSON: [Function: parse],\n-      noConflict: [Function],\n-      scrollTo: { [Function] defaults: [Object], max: [Function] } },\n-   toArray: [Function: toArray],\n-   get: [Function: get],\n-   pushStack: [Function: pushStack],\n-   each: [Function: each],\n-   map: [Function: map],\n-   slice: [Function: slice],\n-   first: [Function: first],\n-   last: [Function: last],\n-   eq: [Function: eq],\n-   end: [Function: end],\n-   push: [Function: push],\n-   sort: [Function: sort],\n-   splice: [Function: splice],\n-   extend: [Function],\n-   find: [Function: find],\n-   filter: [Function: filter],\n-   not: [Function: not],\n-   is: [Function: is],\n-   init: [Function],\n-   has: [Function: has],\n-   closest: [Function: closest],\n-   index: [Function: index],\n-   add: [Function: add],\n-   addBack: [Function: addBack],\n-   parent: [Function],\n-   parents: [Function],\n-   parentsUntil: [Function],\n-   next: [Function],\n-   prev: [Function],\n-   nextAll: [Function],\n-   prevAll: [Function],\n-   nextUntil: [Function],\n-   prevUntil: [Function],\n-   siblings: [Function],\n-   children: [Function],\n-   contents: [Function],\n-   ready: [Function],\n-   data: [Function: data],\n-   removeData: [Function: removeData],\n-   queue: [Function: queue],\n-   dequeue: [Function: dequeue],\n-   clearQueue: [Function: clearQueue],\n-   promise: [Function: promise],\n-   show: [Function],\n-   hide: [Function],\n-   toggle: [Function],\n-   on: [Function: on],\n-   one: [Function: one],\n-   off: [Function: off],\n-   detach: [Function: detach],\n-   remove: [Function: remove],\n-   text: [Function: text],\n-   append: [Function: append],\n-   prepend: [Function: prepend],\n-   before: [Function: before],\n-   after: [Function: after],\n-   empty: [Function: empty],\n-   clone: [Function: clone],\n-   html: [Function: html],\n-   replaceWith: [Function: replaceWith],\n-   appendTo: [Function],\n-   prependTo: [Function],\n-   insertBefore: [Function],\n-   insertAfter: [Function],\n-   replaceAll: [Function],\n-   css: [Function: css],\n-   fadeTo: [Function: fadeTo],\n-   animate: [Function: animate],\n-   stop: [Function: stop],\n-   finish: [Function: finish],\n-   slideDown: [Function],\n-   slideUp: [Function],\n-   slideToggle: [Function],\n-   fadeIn: [Function],\n-   fadeOut: [Function],\n-   fadeToggle: [Function],\n-   delay: [Function],\n-   attr: [Function: attr],\n-   removeAttr: [Function: removeAttr],\n-   prop: [Function: prop],\n-   removeProp: [Function: removeProp],\n-   addClass: [Function: addClass],\n-   removeClass: [Function: removeClass],\n-   toggleClass: [Function: toggleClass],\n-   hasClass: [Function: hasClass],\n-   val: [Function: val],\n-   trigger: [Function: trigger],\n-   triggerHandler: [Function: triggerHandler],\n-   blur: [Function],\n-   focus: [Function],\n-   focusin: [Function],\n-   focusout: [Function],\n-   resize: [Function],\n-   scroll: [Function],\n-   click: [Function],\n-   dblclick: [Function],\n-   mousedown: [Function],\n-   mouseup: [Function],\n-   mousemove: [Function],\n-   mouseover: [Function],\n-   mouseout: [Function],\n-   mouseenter: [Function],\n-   mouseleave: [Function],\n-   change: [Function],\n-   select: [Function],\n-   submit: [Function],\n-   keydown: [Function],\n-   keypress: [Function],\n-   keyup: [Function],\n-   contextmenu: [Function],\n-   hover: [Function: hover],\n-   serialize: [Function: serialize],\n-   serializeArray: [Function: serializeArray],\n-   wrapAll: [Function: wrapAll],\n-   wrapInner: [Function: wrapInner],\n-   wrap: [Function: wrap],\n-   unwrap: [Function: unwrap],\n-   load: [Function],\n-   ajaxStart: [Function],\n-   ajaxStop: [Function],\n-   ajaxComplete: [Function],\n-   ajaxError: [Function],\n-   ajaxSuccess: [Function],\n-   ajaxSend: [Function],\n-   offset: [Function: offset],\n-   position: [Function: position],\n-   offsetParent: [Function: offsetParent],\n-   scrollLeft: [Function],\n-   scrollTop: [Function],\n-   innerHeight: [Function],\n-   height: [Function],\n-   outerHeight: [Function],\n-   innerWidth: [Function],\n-   width: [Function],\n-   outerWidth: [Function],\n-   bind: [Function: bind],\n-   unbind: [Function: unbind],\n-   delegate: [Function: delegate],\n-   undelegate: [Function: undelegate],\n-   scrollTo: [Function] }\n+ 'selected'\n"
              },
              "uuid": "9e028671-a377-41c5-ac21-5f42c4ee6c68",
              "parentUUID": "8e335965-04f1-4b7e-99d0-cc28ac597b77",
              "isHook": false,
              "skipped": false
            },
            {
              "title": "Verifica se os pixels dentro do quadro não têm a classe `selected` quando são clicados",
              "fullTitle": "7 - Clicar em uma das cores da paleta, faz com que ela seja selecionada e utilizada para preencher os pixels no quadro. Verifica se os pixels dentro do quadro não têm a classe `selected` quando são clicados",
              "timedOut": null,
              "duration": 5692,
              "state": "passed",
              "speed": "slow",
              "pass": true,
              "fail": false,
              "pending": false,
              "context": null,
              "code": "cy.get('.color').each(function (color) {\n  var backgroundColor = color.css('background-color');\n  cy.wrap(color).click();\n  cy.get('.pixel').each(function (pixel) {\n    cy.wrap(pixel).click().should('not.have.class', 'selected');\n  });\n});",
              "err": {},
              "uuid": "b798545a-5e43-46b0-b5b0-4333ab4103b1",
              "parentUUID": "8e335965-04f1-4b7e-99d0-cc28ac597b77",
              "isHook": false,
              "skipped": false
            }
          ],
          "suites": [],
          "passes": [
            "b798545a-5e43-46b0-b5b0-4333ab4103b1"
          ],
          "failures": [
            "9e028671-a377-41c5-ac21-5f42c4ee6c68"
          ],
          "pending": [],
          "skipped": [],
          "duration": 5959,
          "root": false,
          "rootEmpty": false,
          "_timeout": 2000
        },
        {
          "uuid": "36b848c2-3ddb-4a92-aecd-27b84beb40ef",
          "title": "8 - Clicar em um pixel dentro do quadro após selecionar uma cor na paleta, faz com que o pixel seja preenchido com a cor selecionada.",
          "fullFile": "",
          "file": "",
          "beforeHooks": [],
          "afterHooks": [],
          "tests": [
            {
              "title": "Verifica se ao carregar a página deve ser possível pintar os pixels de preto",
              "fullTitle": "8 - Clicar em um pixel dentro do quadro após selecionar uma cor na paleta, faz com que o pixel seja preenchido com a cor selecionada. Verifica se ao carregar a página deve ser possível pintar os pixels de preto",
              "timedOut": null,
              "duration": 4255,
              "state": "failed",
              "speed": null,
              "pass": false,
              "fail": true,
              "pending": false,
              "context": null,
              "code": "cy.get('.pixel').each(function (pixel) {\n  cy.wrap(pixel).click().should('have.css', 'background-color', BLACK);\n});",
              "err": {
                "message": "CypressError: Timed out retrying: expected '<div.pixel>' to have CSS property 'background-color' with the value 'rgb(0, 0, 0)', but the value was 'rgb(255, 255, 255)'",
                "estack": "CypressError: Timed out retrying: expected '<div.pixel>' to have CSS property 'background-color' with the value 'rgb(0, 0, 0)', but the value was 'rgb(255, 255, 255)'\n    at cypressErr (http://localhost:39359/__cypress/runner/cypress_runner.js:149934:9)\n    at throwErr (http://localhost:39359/__cypress/runner/cypress_runner.js:149867:11)\n    at Object.throwErrByPath (http://localhost:39359/__cypress/runner/cypress_runner.js:149915:3)\n    at retry (http://localhost:39359/__cypress/runner/cypress_runner.js:144197:19)\n    at onFailFn (http://localhost:39359/__cypress/runner/cypress_runner.js:132448:16)\n    at tryCatcher (http://localhost:39359/__cypress/runner/cypress_runner.js:167415:23)\n    at Promise._settlePromiseFromHandler (http://localhost:39359/__cypress/runner/cypress_runner.js:165351:31)\n    at Promise._settlePromise (http://localhost:39359/__cypress/runner/cypress_runner.js:165408:18)\n    at Promise._settlePromise0 (http://localhost:39359/__cypress/runner/cypress_runner.js:165453:10)\n    at Promise._settlePromises (http://localhost:39359/__cypress/runner/cypress_runner.js:165528:18)\n    at Async../node_modules/bluebird/js/release/async.js.Async._drainQueue (http://localhost:39359/__cypress/runner/cypress_runner.js:162140:16)\n    at Async../node_modules/bluebird/js/release/async.js.Async._drainQueues (http://localhost:39359/__cypress/runner/cypress_runner.js:162150:10)\n    at Async.drainQueues (http://localhost:39359/__cypress/runner/cypress_runner.js:162024:14)",
                "diff": null
              },
              "uuid": "1a90dc63-a062-44c8-be38-746fe1dcd718",
              "parentUUID": "36b848c2-3ddb-4a92-aecd-27b84beb40ef",
              "isHook": false,
              "skipped": false
            },
            {
              "title": "Verifica se após selecionar uma outra cor na paleta, é possível pintar os pixels com essa cor",
              "fullTitle": "8 - Clicar em um pixel dentro do quadro após selecionar uma cor na paleta, faz com que o pixel seja preenchido com a cor selecionada. Verifica se após selecionar uma outra cor na paleta, é possível pintar os pixels com essa cor",
              "timedOut": null,
              "duration": 4329,
              "state": "failed",
              "speed": null,
              "pass": false,
              "fail": true,
              "pending": false,
              "context": null,
              "code": "cy.get('.color').each(function (color) {\n  var backgroundColor = color.css('background-color');\n  cy.wrap(color).click();\n  cy.get('.pixel').each(function (pixel) {\n    cy.wrap(pixel).click().should('have.css', 'background-color', backgroundColor);\n  });\n});",
              "err": {
                "message": "CypressError: Timed out retrying: expected '<div.pixel>' to have CSS property 'background-color' with the value 'rgb(255, 0, 0)', but the value was 'rgb(255, 255, 255)'",
                "estack": "CypressError: Timed out retrying: expected '<div.pixel>' to have CSS property 'background-color' with the value 'rgb(255, 0, 0)', but the value was 'rgb(255, 255, 255)'\n    at cypressErr (http://localhost:39359/__cypress/runner/cypress_runner.js:149934:9)\n    at throwErr (http://localhost:39359/__cypress/runner/cypress_runner.js:149867:11)\n    at Object.throwErrByPath (http://localhost:39359/__cypress/runner/cypress_runner.js:149915:3)\n    at retry (http://localhost:39359/__cypress/runner/cypress_runner.js:144197:19)\n    at onFailFn (http://localhost:39359/__cypress/runner/cypress_runner.js:132448:16)\n    at tryCatcher (http://localhost:39359/__cypress/runner/cypress_runner.js:167415:23)\n    at Promise._settlePromiseFromHandler (http://localhost:39359/__cypress/runner/cypress_runner.js:165351:31)\n    at Promise._settlePromise (http://localhost:39359/__cypress/runner/cypress_runner.js:165408:18)\n    at Promise._settlePromise0 (http://localhost:39359/__cypress/runner/cypress_runner.js:165453:10)\n    at Promise._settlePromises (http://localhost:39359/__cypress/runner/cypress_runner.js:165528:18)\n    at Async../node_modules/bluebird/js/release/async.js.Async._drainQueue (http://localhost:39359/__cypress/runner/cypress_runner.js:162140:16)\n    at Async../node_modules/bluebird/js/release/async.js.Async._drainQueues (http://localhost:39359/__cypress/runner/cypress_runner.js:162150:10)\n    at Async.drainQueues (http://localhost:39359/__cypress/runner/cypress_runner.js:162024:14)",
                "diff": null
              },
              "uuid": "dcfd8e7c-36f6-464e-8636-07819912c8a7",
              "parentUUID": "36b848c2-3ddb-4a92-aecd-27b84beb40ef",
              "isHook": false,
              "skipped": false
            },
            {
              "title": "Verifica se somente o pixel que foi clicado foi preenchido com a cor selecionada, sem influenciar na cor dos demais pixels.",
              "fullTitle": "8 - Clicar em um pixel dentro do quadro após selecionar uma cor na paleta, faz com que o pixel seja preenchido com a cor selecionada. Verifica se somente o pixel que foi clicado foi preenchido com a cor selecionada, sem influenciar na cor dos demais pixels.",
              "timedOut": null,
              "duration": 799,
              "state": "passed",
              "speed": "slow",
              "pass": true,
              "fail": false,
              "pending": false,
              "context": null,
              "code": "var colorToPixelIndexMap = {\n  0: 6,\n  1: 8,\n  2: 16,\n  3: 18\n};\ncy.get('.color').each(function (color, index) {\n  cy.wrap(color).click();\n  var backgroundColor = color.css('background-color');\n  var clickedPixelIndex = colorToPixelIndexMap[index];\n  cy.get('.pixel').eq(clickedPixelIndex).click();\n  cy.get('.pixel').eq(clickedPixelIndex - 1).should('not.have.css', 'background-color', backgroundColor);\n  cy.get('.pixel').eq(clickedPixelIndex + 1).should('not.have.css', 'background-color', backgroundColor);\n  cy.get('.pixel').eq(clickedPixelIndex - 5).should('not.have.css', 'background-color', backgroundColor);\n  cy.get('.pixel').eq(clickedPixelIndex + 5).should('not.have.css', 'background-color', backgroundColor);\n  cy.get('.pixel').eq(clickedPixelIndex - 6).should('not.have.css', 'background-color', backgroundColor);\n  cy.get('.pixel').eq(clickedPixelIndex - 4).should('not.have.css', 'background-color', backgroundColor);\n  cy.get('.pixel').eq(clickedPixelIndex + 4).should('not.have.css', 'background-color', backgroundColor);\n  cy.get('.pixel').eq(clickedPixelIndex + 6).should('not.have.css', 'background-color', backgroundColor);\n});",
              "err": {},
              "uuid": "a008e206-5eaa-4377-a22c-6c5ad273bdca",
              "parentUUID": "36b848c2-3ddb-4a92-aecd-27b84beb40ef",
              "isHook": false,
              "skipped": false
            }
          ],
          "suites": [],
          "passes": [
            "a008e206-5eaa-4377-a22c-6c5ad273bdca"
          ],
          "failures": [
            "1a90dc63-a062-44c8-be38-746fe1dcd718",
            "dcfd8e7c-36f6-464e-8636-07819912c8a7"
          ],
          "pending": [],
          "skipped": [],
          "duration": 9383,
          "root": false,
          "rootEmpty": false,
          "_timeout": 2000
        },
        {
          "uuid": "fb7ca22d-c96c-4b3c-b853-72c8c5326bfc",
          "title": "9 - Crie um botão que, ao ser clicado, limpa o quadro preenchendo a cor de todos seus pixels com branco.",
          "fullFile": "",
          "file": "",
          "beforeHooks": [],
          "afterHooks": [],
          "tests": [
            {
              "title": "Verifica se o botão tem o `id` denominado `clear-board`",
              "fullTitle": "9 - Crie um botão que, ao ser clicado, limpa o quadro preenchendo a cor de todos seus pixels com branco. Verifica se o botão tem o `id` denominado `clear-board`",
              "timedOut": null,
              "duration": 4171,
              "state": "failed",
              "speed": null,
              "pass": false,
              "fail": true,
              "pending": false,
              "context": null,
              "code": "cy.get('#clear-board').should('be.visible');",
              "err": {
                "message": "CypressError: Timed out retrying: Expected to find element: '#clear-board', but never found it.",
                "estack": "CypressError: Timed out retrying: Expected to find element: '#clear-board', but never found it.\n    at cypressErr (http://localhost:39359/__cypress/runner/cypress_runner.js:149934:9)\n    at throwErr (http://localhost:39359/__cypress/runner/cypress_runner.js:149867:11)\n    at Object.throwErrByPath (http://localhost:39359/__cypress/runner/cypress_runner.js:149915:3)\n    at retry (http://localhost:39359/__cypress/runner/cypress_runner.js:144197:19)\n    at onFailFn (http://localhost:39359/__cypress/runner/cypress_runner.js:132448:16)\n    at tryCatcher (http://localhost:39359/__cypress/runner/cypress_runner.js:167415:23)\n    at Promise._settlePromiseFromHandler (http://localhost:39359/__cypress/runner/cypress_runner.js:165351:31)\n    at Promise._settlePromise (http://localhost:39359/__cypress/runner/cypress_runner.js:165408:18)\n    at Promise._settlePromise0 (http://localhost:39359/__cypress/runner/cypress_runner.js:165453:10)\n    at Promise._settlePromises (http://localhost:39359/__cypress/runner/cypress_runner.js:165528:18)\n    at Async../node_modules/bluebird/js/release/async.js.Async._drainQueue (http://localhost:39359/__cypress/runner/cypress_runner.js:162140:16)\n    at Async../node_modules/bluebird/js/release/async.js.Async._drainQueues (http://localhost:39359/__cypress/runner/cypress_runner.js:162150:10)\n    at Async.drainQueues (http://localhost:39359/__cypress/runner/cypress_runner.js:162024:14)",
                "diff": null
              },
              "uuid": "1d28fb6d-5ade-4f32-b2e0-1534d73a6853",
              "parentUUID": "fb7ca22d-c96c-4b3c-b853-72c8c5326bfc",
              "isHook": false,
              "skipped": false
            },
            {
              "title": "Verifica se o botão está posicionado entre a paleta de cores e o quadro de pixels",
              "fullTitle": "9 - Crie um botão que, ao ser clicado, limpa o quadro preenchendo a cor de todos seus pixels com branco. Verifica se o botão está posicionado entre a paleta de cores e o quadro de pixels",
              "timedOut": null,
              "duration": 4187,
              "state": "failed",
              "speed": null,
              "pass": false,
              "fail": true,
              "pending": false,
              "context": null,
              "code": "cy.get('#color-palette').then(function (palette) {\n  cy.get('#clear-board').should('be.belowOf', palette);\n});\ncy.get('#clear-board').then(function (clearBtn) {\n  cy.get('#pixel-board').should('be.belowOf', clearBtn);\n});",
              "err": {
                "message": "CypressError: Timed out retrying: Expected to find element: '#clear-board', but never found it.",
                "estack": "CypressError: Timed out retrying: Expected to find element: '#clear-board', but never found it.\n    at cypressErr (http://localhost:39359/__cypress/runner/cypress_runner.js:149934:9)\n    at throwErr (http://localhost:39359/__cypress/runner/cypress_runner.js:149867:11)\n    at Object.throwErrByPath (http://localhost:39359/__cypress/runner/cypress_runner.js:149915:3)\n    at retry (http://localhost:39359/__cypress/runner/cypress_runner.js:144197:19)\n    at onFailFn (http://localhost:39359/__cypress/runner/cypress_runner.js:132448:16)\n    at tryCatcher (http://localhost:39359/__cypress/runner/cypress_runner.js:167415:23)\n    at Promise._settlePromiseFromHandler (http://localhost:39359/__cypress/runner/cypress_runner.js:165351:31)\n    at Promise._settlePromise (http://localhost:39359/__cypress/runner/cypress_runner.js:165408:18)\n    at Promise._settlePromise0 (http://localhost:39359/__cypress/runner/cypress_runner.js:165453:10)\n    at Promise._settlePromises (http://localhost:39359/__cypress/runner/cypress_runner.js:165528:18)\n    at Async../node_modules/bluebird/js/release/async.js.Async._drainQueue (http://localhost:39359/__cypress/runner/cypress_runner.js:162140:16)\n    at Async../node_modules/bluebird/js/release/async.js.Async._drainQueues (http://localhost:39359/__cypress/runner/cypress_runner.js:162150:10)\n    at Async.drainQueues (http://localhost:39359/__cypress/runner/cypress_runner.js:162024:14)",
                "diff": null
              },
              "uuid": "12faa8b3-1b67-4c7c-b973-3c51ad81c190",
              "parentUUID": "fb7ca22d-c96c-4b3c-b853-72c8c5326bfc",
              "isHook": false,
              "skipped": false
            },
            {
              "title": "Verifica se o texto do botão é 'Limpar'",
              "fullTitle": "9 - Crie um botão que, ao ser clicado, limpa o quadro preenchendo a cor de todos seus pixels com branco. Verifica se o texto do botão é 'Limpar'",
              "timedOut": null,
              "duration": 4201,
              "state": "failed",
              "speed": null,
              "pass": false,
              "fail": true,
              "pending": false,
              "context": null,
              "code": "cy.get('#clear-board').should('contain.text', 'Limpar');",
              "err": {
                "message": "CypressError: Timed out retrying: Expected to find element: '#clear-board', but never found it.",
                "estack": "CypressError: Timed out retrying: Expected to find element: '#clear-board', but never found it.\n    at cypressErr (http://localhost:39359/__cypress/runner/cypress_runner.js:149934:9)\n    at throwErr (http://localhost:39359/__cypress/runner/cypress_runner.js:149867:11)\n    at Object.throwErrByPath (http://localhost:39359/__cypress/runner/cypress_runner.js:149915:3)\n    at retry (http://localhost:39359/__cypress/runner/cypress_runner.js:144197:19)\n    at onFailFn (http://localhost:39359/__cypress/runner/cypress_runner.js:132448:16)\n    at tryCatcher (http://localhost:39359/__cypress/runner/cypress_runner.js:167415:23)\n    at Promise._settlePromiseFromHandler (http://localhost:39359/__cypress/runner/cypress_runner.js:165351:31)\n    at Promise._settlePromise (http://localhost:39359/__cypress/runner/cypress_runner.js:165408:18)\n    at Promise._settlePromise0 (http://localhost:39359/__cypress/runner/cypress_runner.js:165453:10)\n    at Promise._settlePromises (http://localhost:39359/__cypress/runner/cypress_runner.js:165528:18)\n    at Async../node_modules/bluebird/js/release/async.js.Async._drainQueue (http://localhost:39359/__cypress/runner/cypress_runner.js:162140:16)\n    at Async../node_modules/bluebird/js/release/async.js.Async._drainQueues (http://localhost:39359/__cypress/runner/cypress_runner.js:162150:10)\n    at Async.drainQueues (http://localhost:39359/__cypress/runner/cypress_runner.js:162024:14)",
                "diff": null
              },
              "uuid": "28e05abb-5ddd-492b-90ef-b21d810b9bf3",
              "parentUUID": "fb7ca22d-c96c-4b3c-b853-72c8c5326bfc",
              "isHook": false,
              "skipped": false
            },
            {
              "title": "Verifica se ao clicar no botão, o quadro de pixels é totalmente preenchido de branco",
              "fullTitle": "9 - Crie um botão que, ao ser clicado, limpa o quadro preenchendo a cor de todos seus pixels com branco. Verifica se ao clicar no botão, o quadro de pixels é totalmente preenchido de branco",
              "timedOut": null,
              "duration": 4317,
              "state": "failed",
              "speed": null,
              "pass": false,
              "fail": true,
              "pending": false,
              "context": null,
              "code": "cy.get('.color').eq(1).then(function (color) {\n  var backgroundColor = color.css('background-color');\n  cy.wrap(color).click();\n  cy.get('.pixel').each(function (pixel) {\n    cy.wrap(pixel).click().should('have.css', 'background-color', backgroundColor);\n  });\n});\ncy.get('#clear-board').click();\ncy.get('.pixel').each(function (pixel) {\n  cy.wrap(pixel).should('have.css', 'background-color', WHITE);\n});",
              "err": {
                "message": "CypressError: Timed out retrying: expected '<div.pixel>' to have CSS property 'background-color' with the value 'rgb(0, 128, 0)', but the value was 'rgb(255, 255, 255)'",
                "estack": "CypressError: Timed out retrying: expected '<div.pixel>' to have CSS property 'background-color' with the value 'rgb(0, 128, 0)', but the value was 'rgb(255, 255, 255)'\n    at cypressErr (http://localhost:39359/__cypress/runner/cypress_runner.js:149934:9)\n    at throwErr (http://localhost:39359/__cypress/runner/cypress_runner.js:149867:11)\n    at Object.throwErrByPath (http://localhost:39359/__cypress/runner/cypress_runner.js:149915:3)\n    at retry (http://localhost:39359/__cypress/runner/cypress_runner.js:144197:19)\n    at onFailFn (http://localhost:39359/__cypress/runner/cypress_runner.js:132448:16)\n    at tryCatcher (http://localhost:39359/__cypress/runner/cypress_runner.js:167415:23)\n    at Promise._settlePromiseFromHandler (http://localhost:39359/__cypress/runner/cypress_runner.js:165351:31)\n    at Promise._settlePromise (http://localhost:39359/__cypress/runner/cypress_runner.js:165408:18)\n    at Promise._settlePromise0 (http://localhost:39359/__cypress/runner/cypress_runner.js:165453:10)\n    at Promise._settlePromises (http://localhost:39359/__cypress/runner/cypress_runner.js:165528:18)\n    at Async../node_modules/bluebird/js/release/async.js.Async._drainQueue (http://localhost:39359/__cypress/runner/cypress_runner.js:162140:16)\n    at Async../node_modules/bluebird/js/release/async.js.Async._drainQueues (http://localhost:39359/__cypress/runner/cypress_runner.js:162150:10)\n    at Async.drainQueues (http://localhost:39359/__cypress/runner/cypress_runner.js:162024:14)",
                "diff": null
              },
              "uuid": "812d4231-2268-4ba4-9953-f9141424bec8",
              "parentUUID": "fb7ca22d-c96c-4b3c-b853-72c8c5326bfc",
              "isHook": false,
              "skipped": false
            }
          ],
          "suites": [],
          "passes": [],
          "failures": [
            "1d28fb6d-5ade-4f32-b2e0-1534d73a6853",
            "12faa8b3-1b67-4c7c-b973-3c51ad81c190",
            "28e05abb-5ddd-492b-90ef-b21d810b9bf3",
            "812d4231-2268-4ba4-9953-f9141424bec8"
          ],
          "pending": [],
          "skipped": [],
          "duration": 16876,
          "root": false,
          "rootEmpty": false,
          "_timeout": 2000
        },
        {
          "uuid": "79737f9b-607a-46e8-b905-0ec1c4f61551",
          "title": "10 - Faça o quadro de pixels ter seu tamanho definido pelo usuário.",
          "fullFile": "",
          "file": "",
          "beforeHooks": [],
          "afterHooks": [],
          "tests": [
            {
              "title": "Verifica se existe um input com o id `board-size`",
              "fullTitle": "10 - Faça o quadro de pixels ter seu tamanho definido pelo usuário. Verifica se existe um input com o id `board-size`",
              "timedOut": null,
              "duration": 4186,
              "state": "failed",
              "speed": null,
              "pass": false,
              "fail": true,
              "pending": false,
              "context": null,
              "code": "cy.get('#board-size').should('be.visible');",
              "err": {
                "message": "CypressError: Timed out retrying: Expected to find element: '#board-size', but never found it.",
                "estack": "CypressError: Timed out retrying: Expected to find element: '#board-size', but never found it.\n    at cypressErr (http://localhost:39359/__cypress/runner/cypress_runner.js:149934:9)\n    at throwErr (http://localhost:39359/__cypress/runner/cypress_runner.js:149867:11)\n    at Object.throwErrByPath (http://localhost:39359/__cypress/runner/cypress_runner.js:149915:3)\n    at retry (http://localhost:39359/__cypress/runner/cypress_runner.js:144197:19)\n    at onFailFn (http://localhost:39359/__cypress/runner/cypress_runner.js:132448:16)\n    at tryCatcher (http://localhost:39359/__cypress/runner/cypress_runner.js:167415:23)\n    at Promise._settlePromiseFromHandler (http://localhost:39359/__cypress/runner/cypress_runner.js:165351:31)\n    at Promise._settlePromise (http://localhost:39359/__cypress/runner/cypress_runner.js:165408:18)\n    at Promise._settlePromise0 (http://localhost:39359/__cypress/runner/cypress_runner.js:165453:10)\n    at Promise._settlePromises (http://localhost:39359/__cypress/runner/cypress_runner.js:165528:18)\n    at Async../node_modules/bluebird/js/release/async.js.Async._drainQueue (http://localhost:39359/__cypress/runner/cypress_runner.js:162140:16)\n    at Async../node_modules/bluebird/js/release/async.js.Async._drainQueues (http://localhost:39359/__cypress/runner/cypress_runner.js:162150:10)\n    at Async.drainQueues (http://localhost:39359/__cypress/runner/cypress_runner.js:162024:14)",
                "diff": null
              },
              "uuid": "29ca7aad-8978-4727-b3cb-61248f4b0330",
              "parentUUID": "79737f9b-607a-46e8-b905-0ec1c4f61551",
              "isHook": false,
              "skipped": false
            },
            {
              "title": "Verifica se existe um botão com o id `generate-board`",
              "fullTitle": "10 - Faça o quadro de pixels ter seu tamanho definido pelo usuário. Verifica se existe um botão com o id `generate-board`",
              "timedOut": null,
              "duration": 4197,
              "state": "failed",
              "speed": null,
              "pass": false,
              "fail": true,
              "pending": false,
              "context": null,
              "code": "cy.get('#generate-board').should('be.visible');",
              "err": {
                "message": "CypressError: Timed out retrying: Expected to find element: '#generate-board', but never found it.",
                "estack": "CypressError: Timed out retrying: Expected to find element: '#generate-board', but never found it.\n    at cypressErr (http://localhost:39359/__cypress/runner/cypress_runner.js:149934:9)\n    at throwErr (http://localhost:39359/__cypress/runner/cypress_runner.js:149867:11)\n    at Object.throwErrByPath (http://localhost:39359/__cypress/runner/cypress_runner.js:149915:3)\n    at retry (http://localhost:39359/__cypress/runner/cypress_runner.js:144197:19)\n    at onFailFn (http://localhost:39359/__cypress/runner/cypress_runner.js:132448:16)\n    at tryCatcher (http://localhost:39359/__cypress/runner/cypress_runner.js:167415:23)\n    at Promise._settlePromiseFromHandler (http://localhost:39359/__cypress/runner/cypress_runner.js:165351:31)\n    at Promise._settlePromise (http://localhost:39359/__cypress/runner/cypress_runner.js:165408:18)\n    at Promise._settlePromise0 (http://localhost:39359/__cypress/runner/cypress_runner.js:165453:10)\n    at Promise._settlePromises (http://localhost:39359/__cypress/runner/cypress_runner.js:165528:18)\n    at Async../node_modules/bluebird/js/release/async.js.Async._drainQueue (http://localhost:39359/__cypress/runner/cypress_runner.js:162140:16)\n    at Async../node_modules/bluebird/js/release/async.js.Async._drainQueues (http://localhost:39359/__cypress/runner/cypress_runner.js:162150:10)\n    at Async.drainQueues (http://localhost:39359/__cypress/runner/cypress_runner.js:162024:14)",
                "diff": null
              },
              "uuid": "e5ab78d5-85a7-4223-bdbe-afcb33b7919e",
              "parentUUID": "79737f9b-607a-46e8-b905-0ec1c4f61551",
              "isHook": false,
              "skipped": false
            },
            {
              "title": "Verifica se o input só aceita número maiores que zero. Essa restrição deve ser feita usando os atributos do elemento `input`",
              "fullTitle": "10 - Faça o quadro de pixels ter seu tamanho definido pelo usuário. Verifica se o input só aceita número maiores que zero. Essa restrição deve ser feita usando os atributos do elemento `input`",
              "timedOut": null,
              "duration": 4186,
              "state": "failed",
              "speed": null,
              "pass": false,
              "fail": true,
              "pending": false,
              "context": null,
              "code": "cy.get('#board-size[type=\\'number\\'][min=\\'1\\']');",
              "err": {
                "message": "CypressError: Timed out retrying: Expected to find element: '#board-size[type='number'][min='1']', but never found it.",
                "estack": "CypressError: Timed out retrying: Expected to find element: '#board-size[type='number'][min='1']', but never found it.\n    at cypressErr (http://localhost:39359/__cypress/runner/cypress_runner.js:149934:9)\n    at throwErr (http://localhost:39359/__cypress/runner/cypress_runner.js:149867:11)\n    at Object.throwErrByPath (http://localhost:39359/__cypress/runner/cypress_runner.js:149915:3)\n    at retry (http://localhost:39359/__cypress/runner/cypress_runner.js:144197:19)\n    at onFailFn (http://localhost:39359/__cypress/runner/cypress_runner.js:132448:16)\n    at tryCatcher (http://localhost:39359/__cypress/runner/cypress_runner.js:167415:23)\n    at Promise._settlePromiseFromHandler (http://localhost:39359/__cypress/runner/cypress_runner.js:165351:31)\n    at Promise._settlePromise (http://localhost:39359/__cypress/runner/cypress_runner.js:165408:18)\n    at Promise._settlePromise0 (http://localhost:39359/__cypress/runner/cypress_runner.js:165453:10)\n    at Promise._settlePromises (http://localhost:39359/__cypress/runner/cypress_runner.js:165528:18)\n    at Async../node_modules/bluebird/js/release/async.js.Async._drainQueue (http://localhost:39359/__cypress/runner/cypress_runner.js:162140:16)\n    at Async../node_modules/bluebird/js/release/async.js.Async._drainQueues (http://localhost:39359/__cypress/runner/cypress_runner.js:162150:10)\n    at Async.drainQueues (http://localhost:39359/__cypress/runner/cypress_runner.js:162024:14)",
                "diff": null
              },
              "uuid": "e012fc7d-111c-43c2-81b6-3d043cc5b64c",
              "parentUUID": "79737f9b-607a-46e8-b905-0ec1c4f61551",
              "isHook": false,
              "skipped": false
            },
            {
              "title": "Verifica se o botão contém o texto 'VQV'",
              "fullTitle": "10 - Faça o quadro de pixels ter seu tamanho definido pelo usuário. Verifica se o botão contém o texto 'VQV'",
              "timedOut": null,
              "duration": 4189,
              "state": "failed",
              "speed": null,
              "pass": false,
              "fail": true,
              "pending": false,
              "context": null,
              "code": "cy.get('#generate-board').contains(/vqv/i);",
              "err": {
                "message": "CypressError: Timed out retrying: Expected to find element: '#generate-board', but never found it.",
[...]
                "diff": null
              },
              "uuid": "c660d085-254e-4daa-8c29-82baa44ca267",
              "parentUUID": "79737f9b-607a-46e8-b905-0ec1c4f61551",
              "isHook": false,
              "skipped": false
            },
            {
              "title": "Verifica se o novo quadro tem todos os pixels preenchidos com a cor branca",
              "fullTitle": "10 - Faça o quadro de pixels ter seu tamanho definido pelo usuário. Verifica se o novo quadro tem todos os pixels preenchidos com a cor branca",
              "timedOut": null,
              "duration": 4183,
              "state": "failed",
              "speed": null,
              "pass": false,
              "fail": true,
              "pending": false,
              "context": null,
              "code": "cy.get('#board-size').clear().type(6);\ncy.get('#generate-board').click();\ncy.get('.pixel').should('have.length', 36).each(function (pixel) {\n  expect(pixel).to.have.css('background-color', WHITE);\n});",
              "err": {
                "message": "CypressError: Timed out retrying: Expected to find element: '#board-size', but never found it.",
                "estack": "CypressError: Timed out retrying: Expected to find element: '#board-size', but never found it.\n    at cypressErr (http://localhost:39359/__cypress/runner/cypress_runner.js:149934:9)\n    at throwErr (http://localhost:39359/__cypress/runner/cypress_runner.js:149867:11)\n    at Object.throwErrByPath (http://localhost:39359/__cypress/runner/cypress_runner.js:149915:3)\n    at retry (http://localhost:39359/__cypress/runner/cypress_runner.js:144197:19)\n    at onFailFn (http://localhost:39359/__cypress/runner/cypress_runner.js:132448:16)\n    at tryCatcher (http://localhost:39359/__cypress/runner/cypress_runner.js:167415:23)\n    at Promise._settlePromiseFromHandler (http://localhost:39359/__cypress/runner/cypress_runner.js:165351:31)\n    at Promise._settlePromise (http://localhost:39359/__cypress/runner/cypress_runner.js:165408:18)\n    at Promise._settlePromise0 (http://localhost:39359/__cypress/runner/cypress_runner.js:165453:10)\n    at Promise._settlePromises (http://localhost:39359/__cypress/runner/cypress_runner.js:165528:18)\n    at Async../node_modules/bluebird/js/release/async.js.Async._drainQueue (http://localhost:39359/__cypress/runner/cypress_runner.js:162140:16)\n    at Async../node_modules/bluebird/js/release/async.js.Async._drainQueues (http://localhost:39359/__cypress/runner/cypress_runner.js:162150:10)\n    at Async.drainQueues (http://localhost:39359/__cypress/runner/cypress_runner.js:162024:14)",
                "diff": null
              },
              "uuid": "cf29dc71-53bf-43e8-9b38-5d5022bd7036",
              "parentUUID": "79737f9b-607a-46e8-b905-0ec1c4f61551",
              "isHook": false,
              "skipped": false
            }
          ],
          "suites": [],
          "passes": [],
          "failures": [
            "29ca7aad-8978-4727-b3cb-61248f4b0330",
            "e5ab78d5-85a7-4223-bdbe-afcb33b7919e",
            "e012fc7d-111c-43c2-81b6-3d043cc5b64c",
            "c20e156c-ba72-4bf7-b0ff-c10f52181e12",
            "c9f870a9-f826-429d-a665-989c956a8c3d",
            "919d1113-8bdc-4363-a945-1a97cdabd383",
            "a7c50fcd-1a59-45a9-ab0a-b7e309dae340",
            "c660d085-254e-4daa-8c29-82baa44ca267",
            "cf29dc71-53bf-43e8-9b38-5d5022bd7036"
          ],
          "pending": [],
          "skipped": [],
          "duration": 37680,
          "root": false,
          "rootEmpty": false,
          "_timeout": 2000
        },
        {
          "uuid": "1cacda68-5d27-4bea-9409-abfa0f73566c",
          "title": "11 - Limite o tamanho mínimo e máximo do board.",
          "fullFile": "",
          "file": "",
          "beforeHooks": [],
          "afterHooks": [],
          "tests": [
            {
              "title": "Verifica se a altura máxima do board é 50",
              "fullTitle": "11 - Limite o tamanho mínimo e máximo do board. Verifica se a altura máxima do board é 50",
              "timedOut": null,
              "duration": 4177,
              "state": "failed",
              "speed": null,
              "pass": false,
              "fail": true,
              "pending": false,
              "context": null,
              "code": "cy.get('#board-size').clear().type(50);\ncy.get('#generate-board').click();\ncy.get('.pixel').should('have.length', 2500);",
              "err": {
                "message": "CypressError: Timed out retrying: Expected to find element: '#board-size', but never found it.",
                "estack": "CypressError: Timed out retrying: Expected to find element: '#board-size', but never found it.\n    at cypressErr (http://localhost:39359/__cypress/runner/cypress_runner.js:149934:9)\n    at throwErr (http://localhost:39359/__cypress/runner/cypress_runner.js:149867:11)\n    at Object.throwErrByPath (http://localhost:39359/__cypress/runner/cypress_runner.js:149915:3)\n    at retry (http://localhost:39359/__cypress/runner/cypress_runner.js:144197:19)\n    at onFailFn (http://localhost:39359/__cypress/runner/cypress_runner.js:132448:16)\n    at tryCatcher (http://localhost:39359/__cypress/runner/cypress_runner.js:167415:23)\n    at Promise._settlePromiseFromHandler (http://localhost:39359/__cypress/runner/cypress_runner.js:165351:31)\n    at Promise._settlePromise (http://localhost:39359/__cypress/runner/cypress_runner.js:165408:18)\n    at Promise._settlePromise0 (http://localhost:39359/__cypress/runner/cypress_runner.js:165453:10)\n    at Promise._settlePromises (http://localhost:39359/__cypress/runner/cypress_runner.js:165528:18)\n    at Async../node_modules/bluebird/js/release/async.js.Async._drainQueue (http://localhost:39359/__cypress/runner/cypress_runner.js:162140:16)\n    at Async../node_modules/bluebird/js/release/async.js.Async._drainQueues (http://localhost:39359/__cypress/runner/cypress_runner.js:162150:10)\n    at Async.drainQueues (http://localhost:39359/__cypress/runner/cypress_runner.js:162024:14)",
                "diff": null
              },
              "uuid": "2c6d3437-c7c2-4e28-b84e-88f4f5654be6",
              "parentUUID": "1cacda68-5d27-4bea-9409-abfa0f73566c",
              "isHook": false,
              "skipped": false
            },
            {
              "title": "Verifica se a altura do board é 5 quando um valor menor é colocado no input",
              "fullTitle": "11 - Limite o tamanho mínimo e máximo do board. Verifica se a altura do board é 5 quando um valor menor é colocado no input",
              "timedOut": null,
              "duration": 4177,
              "state": "failed",
              "speed": null,
              "pass": false,
              "fail": true,
              "pending": false,
              "context": null,
              "code": "cy.get('#board-size').clear().type(4);\ncy.get('#generate-board').click();\ncy.get('.pixel').should('have.length', 25);",
              "err": {
                "message": "CypressError: Timed out retrying: Expected to find element: '#board-size', but never found it.",
                "estack": "CypressError: Timed out retrying: Expected to find element: '#board-size', but never found it.\n    at cypressErr (http://localhost:39359/__cypress/runner/cypress_runner.js:149934:9)\n    at throwErr (http://localhost:39359/__cypress/runner/cypress_runner.js:149867:11)\n    at Object.throwErrByPath (http://localhost:39359/__cypress/runner/cypress_runner.js:149915:3)\n    at retry (http://localhost:39359/__cypress/runner/cypress_runner.js:144197:19)\n    at onFailFn (http://localhost:39359/__cypress/runner/cypress_runner.js:132448:16)\n    at tryCatcher (http://localhost:39359/__cypress/runner/cypress_runner.js:167415:23)\n    at Promise._settlePromiseFromHandler (http://localhost:39359/__cypress/runner/cypress_runner.js:165351:31)\n    at Promise._settlePromise (http://localhost:39359/__cypress/runner/cypress_runner.js:165408:18)\n    at Promise._settlePromise0 (http://localhost:39359/__cypress/runner/cypress_runner.js:165453:10)\n    at Promise._settlePromises (http://localhost:39359/__cypress/runner/cypress_runner.js:165528:18)\n    at Async../node_modules/bluebird/js/release/async.js.Async._drainQueue (http://localhost:39359/__cypress/runner/cypress_runner.js:162140:16)\n    at Async../node_modules/bluebird/js/release/async.js.Async._drainQueues (http://localhost:39359/__cypress/runner/cypress_runner.js:162150:10)\n    at Async.drainQueues (http://localhost:39359/__cypress/runner/cypress_runner.js:162024:14)",
                "diff": null
              },
              "uuid": "f8ab90c1-6da9-4bde-b4a2-ac2e9a89926b",
              "parentUUID": "1cacda68-5d27-4bea-9409-abfa0f73566c",
              "isHook": false,
              "skipped": false
            },
            {
              "title": "Verifica se a altura do board é 50 quando um valor maior é colocado no input",
              "fullTitle": "11 - Limite o tamanho mínimo e máximo do board. Verifica se a altura do board é 50 quando um valor maior é colocado no input",
              "timedOut": null,
              "duration": 4184,
              "state": "failed",
              "speed": null,
              "pass": false,
              "fail": true,
              "pending": false,
              "context": null,
              "code": "cy.get('#board-size').clear().type(51);\ncy.get('#generate-board').click();\ncy.get('.pixel').should('have.length', 2500);",
              "err": {
                "message": "CypressError: Timed out retrying: Expected to find element: '#board-size', but never found it.",
                "estack": "CypressError: Timed out retrying: Expected to find element: '#board-size', but never found it.\n    at cypressErr (http://localhost:39359/__cypress/runner/cypress_runner.js:149934:9)\n    at throwErr (http://localhost:39359/__cypress/runner/cypress_runner.js:149867:11)\n    at Object.throwErrByPath (http://localhost:39359/__cypress/runner/cypress_runner.js:149915:3)\n    at retry (http://localhost:39359/__cypress/runner/cypress_runner.js:144197:19)\n    at onFailFn (http://localhost:39359/__cypress/runner/cypress_runner.js:132448:16)\n    at tryCatcher (http://localhost:39359/__cypress/runner/cypress_runner.js:167415:23)\n    at Promise._settlePromiseFromHandler (http://localhost:39359/__cypress/runner/cypress_runner.js:165351:31)\n    at Promise._settlePromise (http://localhost:39359/__cypress/runner/cypress_runner.js:165408:18)\n    at Promise._settlePromise0 (http://localhost:39359/__cypress/runner/cypress_runner.js:165453:10)\n    at Promise._settlePromises (http://localhost:39359/__cypress/runner/cypress_runner.js:165528:18)\n    at Async../node_modules/bluebird/js/release/async.js.Async._drainQueue (http://localhost:39359/__cypress/runner/cypress_runner.js:162140:16)\n    at Async../node_modules/bluebird/js/release/async.js.Async._drainQueues (http://localhost:39359/__cypress/runner/cypress_runner.js:162150:10)\n    at Async.drainQueues (http://localhost:39359/__cypress/runner/cypress_runner.js:162024:14)",
                "diff": null
              },
              "uuid": "4fd7dd63-a787-4eb8-aa45-8eeb678a1a5e",
              "parentUUID": "1cacda68-5d27-4bea-9409-abfa0f73566c",
              "isHook": false,
              "skipped": false
            }
          ],
          "suites": [],
          "passes": [],
          "failures": [
            "2c6d3437-c7c2-4e28-b84e-88f4f5654be6",
            "f8ab90c1-6da9-4bde-b4a2-ac2e9a89926b",
            "4fd7dd63-a787-4eb8-aa45-8eeb678a1a5e"
          ],
          "pending": [],
          "skipped": [],
          "duration": 12538,
          "root": false,
          "rootEmpty": false,
          "_timeout": 2000
        },
        {
          "uuid": "fe8b1c1f-09b1-41c7-89d5-03ad3f32d263",
          "title": "12 - Faça com que as cores da paleta sejam geradas aleatoriamente ao carregar a página.",
          "fullFile": "",
          "file": "",
          "beforeHooks": [],
          "afterHooks": [],
          "tests": [
            {
              "title": "Verifica se as cores geradas na paleta são diferentes a cada carregamento da página",
              "fullTitle": "12 - Faça com que as cores da paleta sejam geradas aleatoriamente ao carregar a página. Verifica se as cores geradas na paleta são diferentes a cada carregamento da página",
              "timedOut": null,
              "duration": 269,
              "state": "failed",
              "speed": null,
              "pass": false,
              "fail": true,
              "pending": false,
              "context": null,
              "code": "cy.get('.color').then(function (colors) {\n  var currentColors;\n  var previousColors;\n  previousColors = Array.from(colors).map(function (color) {\n    return Cypress.$(color).css('background-color');\n  });\n  for (var i = 0; i < 5; i += 1) {\n    cy.reload();\n    cy.get('.color').then(function (colors) {\n      currentColors = Array.from(colors).map(function (color) {\n        return Cypress.$(color).css('background-color');\n      });\n      expect(currentColors).not.to.deep.equal(previousColors);\n      previousColors = currentColors;\n    });\n  }\n});",
              "err": {
                "message": "AssertionError: expected [ Array(3) ] to not deeply equal [ Array(3) ]",
                "estack": "AssertionError: expected [ Array(3) ] to not deeply equal [ Array(3) ]\n    at getRet (http://localhost:39359/__cypress/runner/cypress_runner.js:136585:16)\n    at tryCatcher (http://localhost:39359/__cypress/runner/cypress_runner.js:167415:23)\n    at Function.Promise.attempt.Promise.try (http://localhost:39359/__cypress/runner/cypress_runner.js:164690:29)\n    at Context.thenFn (http://localhost:39359/__cypress/runner/cypress_runner.js:136599:23)\n    at Context.then (http://localhost:39359/__cypress/runner/cypress_runner.js:136971:21)\n    at Context.<anonymous> (http://localhost:39359/__cypress/runner/cypress_runner.js:148875:21)\n    at http://localhost:39359/__cypress/runner/cypress_runner.js:148351:33\n    at tryCatcher (http://localhost:39359/__cypress/runner/cypress_runner.js:167415:23)\n    at Promise._settlePromiseFromHandler (http://localhost:39359/__cypress/runner/cypress_runner.js:165351:31)\n    at Promise._settlePromise (http://localhost:39359/__cypress/runner/cypress_runner.js:165408:18)\n    at Promise._settlePromiseCtx (http://localhost:39359/__cypress/runner/cypress_runner.js:165445:10)\n    at Async../node_modules/bluebird/js/release/async.js.Async._drainQueue (http://localhost:39359/__cypress/runner/cypress_runner.js:162145:12)\n    at Async../node_modules/bluebird/js/release/async.js.Async._drainQueues (http://localhost:39359/__cypress/runner/cypress_runner.js:162150:10)\n    at Async.drainQueues (http://localhost:39359/__cypress/runner/cypress_runner.js:162024:14)",
                "diff": ""
              },
              "uuid": "eadf4530-54f6-421d-98f7-d3c42c180e34",
              "parentUUID": "fe8b1c1f-09b1-41c7-89d5-03ad3f32d263",
              "isHook": false,
              "skipped": false
            },
            {
              "title": "Verifica se a cor preta ainda está presente e é a primeira na sua paleta de cores",
              "fullTitle": "12 - Faça com que as cores da paleta sejam geradas aleatoriamente ao carregar a página. Verifica se a cor preta ainda está presente e é a primeira na sua paleta de cores",
              "timedOut": null,
              "duration": 217,
              "state": "failed",
              "speed": null,
              "pass": false,
              "fail": true,
              "pending": false,
              "context": null,
              "code": "cy.get('.color').then(function (colors) {\n  var currentColors;\n  var previousColors;\n  previousColors = Array.from(colors).map(function (color) {\n    return Cypress.$(color).css('background-color');\n  });\n  expect(previousColors[0]).to.eq(BLACK);\n  for (var i = 0; i < 5; i += 1) {\n    cy.reload();\n    cy.get('.color').then(function (colors) {\n      currentColors = Array.from(colors).map(function (color) {\n        return Cypress.$(color).css('background-color');\n      });\n      expect(currentColors[0]).to.eq(BLACK);\n      expect(currentColors).not.to.deep.equal(previousColors);\n      previousColors = currentColors;\n    });\n  }\n});",
              "err": {
                "message": "AssertionError: expected 'rgb(255, 0, 0)' to equal 'rgb(0, 0, 0)'",
                "estack": "AssertionError: expected 'rgb(255, 0, 0)' to equal 'rgb(0, 0, 0)'\n    at getRet (http://localhost:39359/__cypress/runner/cypress_runner.js:136585:16)\n    at tryCatcher (http://localhost:39359/__cypress/runner/cypress_runner.js:167415:23)\n    at Function.Promise.attempt.Promise.try (http://localhost:39359/__cypress/runner/cypress_runner.js:164690:29)\n    at Context.thenFn (http://localhost:39359/__cypress/runner/cypress_runner.js:136599:23)\n    at Context.then (http://localhost:39359/__cypress/runner/cypress_runner.js:136971:21)\n    at Context.<anonymous> (http://localhost:39359/__cypress/runner/cypress_runner.js:148875:21)\n    at http://localhost:39359/__cypress/runner/cypress_runner.js:148351:33\n    at tryCatcher (http://localhost:39359/__cypress/runner/cypress_runner.js:167415:23)\n    at Promise._settlePromiseFromHandler (http://localhost:39359/__cypress/runner/cypress_runner.js:165351:31)\n    at Promise._settlePromise (http://localhost:39359/__cypress/runner/cypress_runner.js:165408:18)\n    at Promise._settlePromiseCtx (http://localhost:39359/__cypress/runner/cypress_runner.js:165445:10)\n    at Async../node_modules/bluebird/js/release/async.js.Async._drainQueue (http://localhost:39359/__cypress/runner/cypress_runner.js:162145:12)\n    at Async../node_modules/bluebird/js/release/async.js.Async._drainQueues (http://localhost:39359/__cypress/runner/cypress_runner.js:162150:10)\n    at Async.drainQueues (http://localhost:39359/__cypress/runner/cypress_runner.js:162024:14)",
                "diff": "- 'rgb(255, 0, 0)'\n+ 'rgb(0, 0, 0)'\n"
              },
              "uuid": "15a788cf-1e05-43fa-8e5a-cae70d0ea7ed",
              "parentUUID": "fe8b1c1f-09b1-41c7-89d5-03ad3f32d263",
              "isHook": false,
              "skipped": false
            }
          ],
          "suites": [],
          "passes": [],
          "failures": [
            "eadf4530-54f6-421d-98f7-d3c42c180e34",
            "15a788cf-1e05-43fa-8e5a-cae70d0ea7ed"
          ],
          "pending": [],
          "skipped": [],
          "duration": 486,
          "root": false,
          "rootEmpty": false,
          "_timeout": 2000
        }
      ],
      "passes": [],
      "failures": [],
      "pending": [],
      "skipped": [],
      "duration": 0,
      "root": true,
      "rootEmpty": true,
      "_timeout": 2000
    }
  ],
  "meta": {
    "mocha": {
      "version": "7.0.1"
    },
    "mochawesome": {
      "options": {
        "quiet": false,
        "reportFilename": "mochawesome",
        "saveHtml": false,
        "saveJson": true,
        "consoleReporter": "spec",
        "useInlineDiffs": false
      },
      "version": "4.1.0"
    },
    "marge": {
      "options": {
        "id": "default",
        "reportDir": "cypress/reports",
        "overwrite": true,
        "html": false,
        "json": true
      },
      "version": "4.1.0"
    }
  }
}